<?xml version="1.0"?>
<testsuite errors="0" failures="0" tests="1" name="from cppunit">
  <testcase classname="TestDuree" name="testIsCopyDuree"/>
</testsuite>
